<?xml version="1.0" encoding="UTF-8"?>
<!-- Generated by org.testng.reporters.JUnitXMLReporter -->
<testsuite hostname="DESKTOP-V39QH6A" failures="0" tests="4" name="Test" time="86.132" errors="0" timestamp="8 Apr 2021 04:45:57 GMT">
  <testcase classname="project1123.NewTest2" name="f" time="19.428"/>
  <testcase classname="project1123.NewTest3" name="f" time="25.092"/>
  <testcase classname="project1123.NewTest1" name="f" time="20.457"/>
  <testcase classname="project1123.NewTest4" name="f" time="21.124"/>
</testsuite> <!-- Test -->
