<?xml version="1.0" encoding="UTF-8"?>
<testng-results total="4" passed="4" failed="0" skipped="0">
  <reporter-output>
  </reporter-output>
  <suite started-at="2021-04-08T04:44:31Z" name="Suite" finished-at="2021-04-08T04:45:57Z" duration-ms="86132">
    <groups>
    </groups>
    <test started-at="2021-04-08T04:44:31Z" name="Test" finished-at="2021-04-08T04:45:57Z" duration-ms="86132">
      <class name="project1123.NewTest1">
        <test-method signature="f()[pri:0, instance:project1123.NewTest1@e350b40]" started-at="2021-04-08T10:15:16Z" name="f" finished-at="2021-04-08T10:15:36Z" duration-ms="20457" status="PASS">
          <reporter-output>
          </reporter-output>
        </test-method> <!-- f -->
      </class> <!-- project1123.NewTest1 -->
      <class name="project1123.NewTest2">
        <test-method signature="f()[pri:0, instance:project1123.NewTest2@4b45a2f5]" started-at="2021-04-08T10:14:31Z" name="f" finished-at="2021-04-08T10:14:51Z" duration-ms="19428" status="PASS">
          <reporter-output>
          </reporter-output>
        </test-method> <!-- f -->
      </class> <!-- project1123.NewTest2 -->
      <class name="project1123.NewTest3">
        <test-method signature="f()[pri:0, instance:project1123.NewTest3@25641d39]" started-at="2021-04-08T10:14:51Z" name="f" finished-at="2021-04-08T10:15:16Z" duration-ms="25092" status="PASS">
          <reporter-output>
          </reporter-output>
        </test-method> <!-- f -->
      </class> <!-- project1123.NewTest3 -->
      <class name="project1123.NewTest4">
        <test-method signature="f()[pri:0, instance:project1123.NewTest4@f09733f]" started-at="2021-04-08T10:15:36Z" name="f" finished-at="2021-04-08T10:15:57Z" duration-ms="21124" status="PASS">
          <reporter-output>
          </reporter-output>
        </test-method> <!-- f -->
      </class> <!-- project1123.NewTest4 -->
    </test> <!-- Test -->
  </suite> <!-- Suite -->
</testng-results>
