<?xml version="1.0" encoding="UTF-8"?>
<testng-results total="1" passed="1" failed="0" skipped="0">
  <reporter-output>
  </reporter-output>
  <suite started-at="2021-03-09T17:32:02Z" name="Default suite" finished-at="2021-03-09T17:32:14Z" duration-ms="11903">
    <groups>
    </groups>
    <test started-at="2021-03-09T17:32:02Z" name="Default test" finished-at="2021-03-09T17:32:14Z" duration-ms="11903">
      <class name="project6.NewTest6">
        <test-method signature="f()[pri:0, instance:project6.NewTest6@6fdbe764]" started-at="2021-03-09T23:02:02Z" name="f" finished-at="2021-03-09T23:02:14Z" duration-ms="11875" status="PASS">
          <reporter-output>
          </reporter-output>
        </test-method> <!-- f -->
      </class> <!-- project6.NewTest6 -->
    </test> <!-- Default test -->
  </suite> <!-- Default suite -->
</testng-results>
